<?xml version="1.0" encoding="UTF-8"?>
<coverage generated="1620271883185" clover="3.2.0">
  <project timestamp="1620271883185" name="All files">
    <metrics statements="29" coveredstatements="25" conditionals="13" coveredconditionals="11" methods="3" coveredmethods="3" elements="45" coveredelements="39" complexity="0" loc="29" ncloc="29" packages="2" files="2" classes="2"/>
    <package name="controllers.genres">
      <metrics statements="25" coveredstatements="21" conditionals="13" coveredconditionals="11" methods="3" coveredmethods="3"/>
      <file name="index.js" path="/Users/amarnathmourya/Documents/GenresService/controllers/genres/index.js">
        <metrics statements="25" coveredstatements="21" conditionals="13" coveredconditionals="11" methods="3" coveredmethods="3"/>
        <line num="1" count="1" type="stmt"/>
        <line num="3" count="1" type="stmt"/>
        <line num="4" count="1" type="stmt"/>
        <line num="5" count="1" type="stmt"/>
        <line num="6" count="1" type="cond" truecount="4" falsecount="1"/>
        <line num="7" count="1" type="stmt"/>
        <line num="11" count="1" type="stmt"/>
        <line num="13" count="0" type="stmt"/>
        <line num="17" count="0" type="stmt"/>
        <line num="21" count="1" type="stmt"/>
        <line num="22" count="2" type="stmt"/>
        <line num="23" count="2" type="cond" truecount="4" falsecount="0"/>
        <line num="24" count="1" type="stmt"/>
        <line num="25" count="1" type="stmt"/>
        <line num="28" count="1" type="stmt"/>
        <line num="32" count="0" type="stmt"/>
        <line num="36" count="1" type="stmt"/>
        <line num="37" count="2" type="stmt"/>
        <line num="38" count="2" type="stmt"/>
        <line num="39" count="2" type="cond" truecount="3" falsecount="1"/>
        <line num="40" count="2" type="stmt"/>
        <line num="42" count="2" type="stmt"/>
        <line num="43" count="2" type="stmt"/>
        <line num="46" count="0" type="stmt"/>
        <line num="50" count="1" type="stmt"/>
      </file>
    </package>
    <package name="models">
      <metrics statements="4" coveredstatements="4" conditionals="0" coveredconditionals="0" methods="0" coveredmethods="0"/>
      <file name="Item.js" path="/Users/amarnathmourya/Documents/GenresService/models/Item.js">
        <metrics statements="4" coveredstatements="4" conditionals="0" coveredconditionals="0" methods="0" coveredmethods="0"/>
        <line num="1" count="1" type="stmt"/>
        <line num="2" count="1" type="stmt"/>
        <line num="4" count="1" type="stmt"/>
        <line num="15" count="1" type="stmt"/>
      </file>
    </package>
  </project>
</coverage>
