TN:
SF:controllers/genres/index.js
FN:3,(anonymous_0)
FN:21,(anonymous_1)
FN:36,(anonymous_2)
FNF:3
FNH:3
FNDA:1,(anonymous_0)
FNDA:2,(anonymous_1)
FNDA:2,(anonymous_2)
DA:1,1
DA:3,1
DA:4,1
DA:5,1
DA:6,1
DA:7,1
DA:11,1
DA:13,0
DA:17,0
DA:21,1
DA:22,2
DA:23,2
DA:24,1
DA:25,1
DA:28,1
DA:32,0
DA:36,1
DA:37,2
DA:38,2
DA:39,2
DA:40,2
DA:42,2
DA:43,2
DA:46,0
DA:50,1
LF:25
LH:21
BRDA:6,0,0,1
BRDA:6,0,1,0
BRDA:6,1,0,1
BRDA:6,1,1,1
BRDA:6,1,2,1
BRDA:23,2,0,1
BRDA:23,2,1,1
BRDA:23,3,0,2
BRDA:23,3,1,1
BRDA:39,4,0,2
BRDA:39,4,1,0
BRDA:39,5,0,2
BRDA:39,5,1,2
BRF:13
BRH:11
end_of_record
TN:
SF:models/Item.js
FNF:0
FNH:0
DA:1,1
DA:2,1
DA:4,1
DA:15,1
LF:4
LH:4
BRF:0
BRH:0
end_of_record
